[35m[1mScanning dependencies of target both_image_acq[0m
[ 33%] [32mBuilding CXX object CMakeFiles/both_image_acq.dir/src/main.cpp.o[0m
[01m[K/workspace/both_cam_acq/mur_stereo_acq_left/src/mur_stereo_basler/src/main.cpp:[m[K In function '[01m[Kint main(int, char**)[m[K':
[01m[K/workspace/both_cam_acq/mur_stereo_acq_left/src/mur_stereo_basler/src/main.cpp:164:37:[m[K [01;31m[Kerror: [m[Kno matching function for call to '[01m[KIGeniCam::setup(const string&)[m[K'
         camera1->setup(CAMARA_NAME_L[01;31m[K)[m[K;
                                     [01;31m[K^[m[K
In file included from [01m[K/workspace/both_cam_acq/mur_stereo_acq_left/src/mur_stereo_basler/src/main.cpp:45:0[m[K:
[01m[K/workspace/both_cam_acq/mur_stereo_acq_left/src/mur_stereo_basler/includes/GeniWrap.hpp:12:22:[m[K [01;36m[Knote: [m[Kcandidate: virtual void IGeniCam::setup(std::__cxx11::string, int, int, int)
         virtual void [01;36m[Ksetup[m[K(const std::string cameraName, int lightSetting, int exposureTimeSetting, int frameRateSetting) = 0;
                      [01;36m[K^~~~~[m[K
[01m[K/workspace/both_cam_acq/mur_stereo_acq_left/src/mur_stereo_basler/includes/GeniWrap.hpp:12:22:[m[K [01;36m[Knote: [m[K  candidate expects 4 arguments, 1 provided
[01m[K/workspace/both_cam_acq/mur_stereo_acq_left/src/mur_stereo_basler/src/main.cpp:165:37:[m[K [01;31m[Kerror: [m[Kno matching function for call to '[01m[KIGeniCam::setup(const string&)[m[K'
         camera2->setup(CAMARA_NAME_R[01;31m[K)[m[K;
                                     [01;31m[K^[m[K
In file included from [01m[K/workspace/both_cam_acq/mur_stereo_acq_left/src/mur_stereo_basler/src/main.cpp:45:0[m[K:
[01m[K/workspace/both_cam_acq/mur_stereo_acq_left/src/mur_stereo_basler/includes/GeniWrap.hpp:12:22:[m[K [01;36m[Knote: [m[Kcandidate: virtual void IGeniCam::setup(std::__cxx11::string, int, int, int)
         virtual void [01;36m[Ksetup[m[K(const std::string cameraName, int lightSetting, int exposureTimeSetting, int frameRateSetting) = 0;
                      [01;36m[K^~~~~[m[K
[01m[K/workspace/both_cam_acq/mur_stereo_acq_left/src/mur_stereo_basler/includes/GeniWrap.hpp:12:22:[m[K [01;36m[Knote: [m[K  candidate expects 4 arguments, 1 provided
CMakeFiles/both_image_acq.dir/build.make:81: recipe for target 'CMakeFiles/both_image_acq.dir/src/main.cpp.o' failed
make[2]: *** [CMakeFiles/both_image_acq.dir/src/main.cpp.o] Error 1
CMakeFiles/Makefile2:184: recipe for target 'CMakeFiles/both_image_acq.dir/all' failed
make[1]: *** [CMakeFiles/both_image_acq.dir/all] Error 2
Makefile:159: recipe for target 'all' failed
make: *** [all] Error 2
