Symlinking /workspace/both_cam_acq/mur_stereo_acq_left/devel/share/cv_bridge/cmake/cv_bridge-extras.cmake
Symlinking /workspace/both_cam_acq/mur_stereo_acq_left/devel/share/cv_bridge/cmake/cv_bridgeConfig-version.cmake
Symlinking /workspace/both_cam_acq/mur_stereo_acq_left/devel/share/cv_bridge/cmake/cv_bridgeConfig.cmake
Symlinking /workspace/both_cam_acq/mur_stereo_acq_left/devel/lib/libcv_bridge.so
Symlinking /workspace/both_cam_acq/mur_stereo_acq_left/devel/lib/python2.7/dist-packages/cv_bridge/__init__.py
Symlinking /workspace/both_cam_acq/mur_stereo_acq_left/devel/lib/python2.7/dist-packages/cv_bridge/boost/__init__.py
Symlinking /workspace/both_cam_acq/mur_stereo_acq_left/devel/lib/python2.7/dist-packages/cv_bridge/boost/cv_bridge_boost.so
Symlinking /workspace/both_cam_acq/mur_stereo_acq_left/devel/lib/pkgconfig/cv_bridge.pc
Cleaning: (/workspace/stereo_synthPOC/src/stereo_synthPOC/mur_stereo_acq_left/devel/.private/cv_bridge/cmake.lock, /workspace/stereo_synthPOC/src/stereo_synthPOC/mur_stereo_acq_left/devel/./cmake.lock)
Cleaning: (/workspace/stereo_synthPOC/src/stereo_synthPOC/mur_stereo_acq_left/devel/.private/cv_bridge/share/cv_bridge/cmake/cv_bridge-extras.cmake, /workspace/stereo_synthPOC/src/stereo_synthPOC/mur_stereo_acq_left/devel/share/cv_bridge/cmake/cv_bridge-extras.cmake)
Cleaning: (/workspace/stereo_synthPOC/src/stereo_synthPOC/mur_stereo_acq_left/devel/.private/cv_bridge/share/cv_bridge/cmake/cv_bridgeConfig-version.cmake, /workspace/stereo_synthPOC/src/stereo_synthPOC/mur_stereo_acq_left/devel/share/cv_bridge/cmake/cv_bridgeConfig-version.cmake)
Cleaning: (/workspace/stereo_synthPOC/src/stereo_synthPOC/mur_stereo_acq_left/devel/.private/cv_bridge/share/cv_bridge/cmake/cv_bridgeConfig.cmake, /workspace/stereo_synthPOC/src/stereo_synthPOC/mur_stereo_acq_left/devel/share/cv_bridge/cmake/cv_bridgeConfig.cmake)
Cleaning: (/workspace/stereo_synthPOC/src/stereo_synthPOC/mur_stereo_acq_left/devel/.private/cv_bridge/lib/libcv_bridge.so, /workspace/stereo_synthPOC/src/stereo_synthPOC/mur_stereo_acq_left/devel/lib/libcv_bridge.so)
Cleaning: (/workspace/stereo_synthPOC/src/stereo_synthPOC/mur_stereo_acq_left/devel/.private/cv_bridge/lib/python2.7/dist-packages/cv_bridge/__init__.py, /workspace/stereo_synthPOC/src/stereo_synthPOC/mur_stereo_acq_left/devel/lib/python2.7/dist-packages/cv_bridge/__init__.py)
Cleaning: (/workspace/stereo_synthPOC/src/stereo_synthPOC/mur_stereo_acq_left/devel/.private/cv_bridge/lib/python2.7/dist-packages/cv_bridge/boost/__init__.py, /workspace/stereo_synthPOC/src/stereo_synthPOC/mur_stereo_acq_left/devel/lib/python2.7/dist-packages/cv_bridge/boost/__init__.py)
Cleaning: (/workspace/stereo_synthPOC/src/stereo_synthPOC/mur_stereo_acq_left/devel/.private/cv_bridge/lib/python2.7/dist-packages/cv_bridge/boost/cv_bridge_boost.so, /workspace/stereo_synthPOC/src/stereo_synthPOC/mur_stereo_acq_left/devel/lib/python2.7/dist-packages/cv_bridge/boost/cv_bridge_boost.so)
Cleaning: (/workspace/stereo_synthPOC/src/stereo_synthPOC/mur_stereo_acq_left/devel/.private/cv_bridge/lib/pkgconfig/cv_bridge.pc, /workspace/stereo_synthPOC/src/stereo_synthPOC/mur_stereo_acq_left/devel/lib/pkgconfig/cv_bridge.pc)
Unlinking: /workspace/stereo_synthPOC/src/stereo_synthPOC/mur_stereo_acq_left/devel/share/cv_bridge/cmake/cv_bridge-extras.cmake
Already unlinked: {}
Unlinking: /workspace/stereo_synthPOC/src/stereo_synthPOC/mur_stereo_acq_left/devel/share/cv_bridge/cmake/cv_bridgeConfig-version.cmake
Already unlinked: {}
Unlinking: /workspace/stereo_synthPOC/src/stereo_synthPOC/mur_stereo_acq_left/devel/share/cv_bridge/cmake/cv_bridgeConfig.cmake
Already unlinked: {}
Unlinking: /workspace/stereo_synthPOC/src/stereo_synthPOC/mur_stereo_acq_left/devel/lib/libcv_bridge.so
Already unlinked: {}
Unlinking: /workspace/stereo_synthPOC/src/stereo_synthPOC/mur_stereo_acq_left/devel/lib/python2.7/dist-packages/cv_bridge/__init__.py
Already unlinked: {}
Unlinking: /workspace/stereo_synthPOC/src/stereo_synthPOC/mur_stereo_acq_left/devel/lib/python2.7/dist-packages/cv_bridge/boost/__init__.py
Already unlinked: {}
Unlinking: /workspace/stereo_synthPOC/src/stereo_synthPOC/mur_stereo_acq_left/devel/lib/python2.7/dist-packages/cv_bridge/boost/cv_bridge_boost.so
Already unlinked: {}
Unlinking: /workspace/stereo_synthPOC/src/stereo_synthPOC/mur_stereo_acq_left/devel/lib/pkgconfig/cv_bridge.pc
Already unlinked: {}
